<?xml version="1.0" encoding="UTF-8"?>
<!-- Generated by org.testng.reporters.JUnitReportReporter -->
<testsuite hostname="jayesh-pc" failures="0" tests="6" name="TestCases.DashboardPageTest" time="98.630" errors="0" timestamp="2022-04-11T15:37:45 IST" skipped="0">
  <testcase classname="TestCases.DashboardPageTest" name="verifyNicknameTest" time="13.214"/>
  <system-out>
    <![CDATA[Ravindra]]>
  </system-out>
  <testcase classname="TestCases.DashboardPageTest" name="verifyGoldbeesTest" time="20.282"/>
  <system-out/>
  <testcase classname="TestCases.DashboardPageTest" name="verifyUserProfileTest" time="19.885"/>
  <system-out/>
  <testcase classname="TestCases.DashboardPageTest" name="verifyFullname" time="15.959"/>
  <system-out>
    <![CDATA[Ravindra Prakash Mahajan]]>
  </system-out>
  <testcase classname="TestCases.DashboardPageTest" name="verifyStartInvestingBtnTest" time="14.398"/>
  <system-out/>
  <testcase classname="TestCases.DashboardPageTest" name="verifyEmailIdTest" time="14.892"/>
  <system-out>
    <![CDATA[ravi101285@gmail.com]]>
  </system-out>
</testsuite> <!-- TestCases.DashboardPageTest -->
