<?xml version="1.0" encoding="UTF-8"?>
<!-- Generated by org.testng.reporters.JUnitReportReporter -->
<testsuite hostname="jayesh-pc" failures="0" tests="5" name="TestCases.LoginPageText" time="46.369" errors="0" timestamp="2022-04-15T11:19:38 IST" skipped="0">
  <testcase classname="TestCases.LoginPageText" name="verifyPageTitleTest" time="5.886"/>
  <system-out>
    <![CDATA[Title of page =Kite - Zerodha's fast and elegant flagship trading platform]]>
  </system-out>
  <testcase classname="TestCases.LoginPageText" name="verifyKiteLogoTest" time="9.703"/>
  <system-out>
    <![CDATA[KIte logo is displayed true]]>
  </system-out>
  <testcase classname="TestCases.LoginPageText" name="verifyUserIdTextTest" time="7.298"/>
  <system-out>
    <![CDATA[userIdText is avaialable = MOE840]]>
  </system-out>
  <testcase classname="TestCases.LoginPageText" name="loginToZerodhaAccountTest" time="12.154"/>
  <system-out/>
  <testcase classname="TestCases.LoginPageText" name="verifyZerodhaLogoTest" time="11.328"/>
  <system-out>
    <![CDATA[Zerodha log is displayed = true]]>
  </system-out>
</testsuite> <!-- TestCases.LoginPageText -->
