<?xml version="1.0" encoding="UTF-8"?>
<!-- Generated by org.testng.reporters.JUnitReportReporter -->
<testsuite hostname="jayesh-pc" failures="0" tests="4" name="TestCases.EnabledTest" time="0.012" errors="0" timestamp="2022-04-14T20:08:10 IST" skipped="2">
  <testcase classname="TestCases.EnabledTest" name="method44" time="0.004"/>
  <system-out/>
  <testcase classname="TestCases.EnabledTest" name="method22" time="0.008"/>
  <system-out/>
  <testcase classname="TestCases.EnabledTest" name="method33">
    <skipped/>
  </testcase> <!-- method33 -->
  <system-out/>
  <testcase classname="TestCases.EnabledTest" name="method55">
    <skipped/>
  </testcase> <!-- method55 -->
  <system-out/>
</testsuite> <!-- TestCases.EnabledTest -->
