<?xml version="1.0" encoding="UTF-8"?>
<!-- Generated by org.testng.reporters.JUnitReportReporter -->
<testsuite hostname="jayesh-pc" failures="0" tests="3" name="TestCases.LoginPageTest" time="100.104" errors="0" timestamp="2022-04-10T20:07:57 IST" skipped="0">
  <testcase classname="TestCases.LoginPageTest" name="validateLoginPageTitleTest" time="59.298"/>
  <system-out/>
  <testcase classname="TestCases.LoginPageTest" name="validateKiteLogoTest" time="18.548"/>
  <system-out/>
  <testcase classname="TestCases.LoginPageTest" name="validateZerodhaLogoTest" time="22.258"/>
  <system-out/>
</testsuite> <!-- TestCases.LoginPageTest -->
