<?xml version="1.0" encoding="UTF-8"?>
<!-- Generated by org.testng.reporters.JUnitReportReporter -->
<testsuite hostname="jayesh-pc" failures="0" tests="2" name="TestCases.GroupTest" time="0.027" errors="0" timestamp="2022-04-14T20:08:10 IST" skipped="0">
  <testcase classname="TestCases.GroupTest" name="method4" time="0.023"/>
  <system-out/>
  <testcase classname="TestCases.GroupTest" name="method2" time="0.004"/>
  <system-out/>
</testsuite> <!-- TestCases.GroupTest -->
